0 info it worked if it ends with ok
1 verbose cli [ '/usr/local/bin/node',
1 verbose cli   '/usr/local/bin/npm',
1 verbose cli   'install',
1 verbose cli   '--save',
1 verbose cli   'sequelize' ]
2 info using npm@3.10.9
3 info using node@v6.9.2
4 silly loadCurrentTree Starting
5 silly install loadCurrentTree
6 silly install readLocalPackageData
7 silly fetchPackageMetaData sequelize
8 silly fetchNamedPackageData sequelize
9 silly mapToRegistry name sequelize
10 silly mapToRegistry using default registry
11 silly mapToRegistry registry https://registry.npmjs.org/
12 silly mapToRegistry data Result {
12 silly mapToRegistry   raw: 'sequelize',
12 silly mapToRegistry   scope: null,
12 silly mapToRegistry   escapedName: 'sequelize',
12 silly mapToRegistry   name: 'sequelize',
12 silly mapToRegistry   rawSpec: '',
12 silly mapToRegistry   spec: 'latest',
12 silly mapToRegistry   type: 'tag' }
13 silly mapToRegistry uri https://registry.npmjs.org/sequelize
14 verbose request uri https://registry.npmjs.org/sequelize
15 verbose request no auth needed
16 info attempt registry request try #1 at 9:34:35 PM
17 verbose request id d4358eeba00f48a3
18 http request GET https://registry.npmjs.org/sequelize
19 info retry will retry, error on last attempt: Error: getaddrinfo ENOTFOUND registry.npmjs.org registry.npmjs.org:443
20 info attempt registry request try #2 at 9:35:15 PM
21 http request GET https://registry.npmjs.org/sequelize
22 info retry will retry, error on last attempt: Error: getaddrinfo ENOTFOUND registry.npmjs.org registry.npmjs.org:443
23 info attempt registry request try #3 at 9:36:45 PM
24 http request GET https://registry.npmjs.org/sequelize
25 silly fetchPackageMetaData Error: connect ETIMEDOUT 151.101.40.162:443
25 silly fetchPackageMetaData     at Object.exports._errnoException (util.js:1022:11)
25 silly fetchPackageMetaData     at exports._exceptionWithHostPort (util.js:1045:20)
25 silly fetchPackageMetaData     at TCPConnectWrap.afterConnect [as oncomplete] (net.js:1087:14)
25 silly fetchPackageMetaData  error for sequelize { Error: connect ETIMEDOUT 151.101.40.162:443
25 silly fetchPackageMetaData     at Object.exports._errnoException (util.js:1022:11)
25 silly fetchPackageMetaData     at exports._exceptionWithHostPort (util.js:1045:20)
25 silly fetchPackageMetaData     at TCPConnectWrap.afterConnect [as oncomplete] (net.js:1087:14)
25 silly fetchPackageMetaData   code: 'ETIMEDOUT',
25 silly fetchPackageMetaData   errno: 'ETIMEDOUT',
25 silly fetchPackageMetaData   syscall: 'connect',
25 silly fetchPackageMetaData   address: '151.101.40.162',
25 silly fetchPackageMetaData   port: 443 }
26 silly rollbackFailedOptional Starting
27 silly rollbackFailedOptional Finishing
28 silly runTopLevelLifecycles Finishing
29 silly install printInstalled
30 verbose stack Error: connect ETIMEDOUT 151.101.40.162:443
30 verbose stack     at Object.exports._errnoException (util.js:1022:11)
30 verbose stack     at exports._exceptionWithHostPort (util.js:1045:20)
30 verbose stack     at TCPConnectWrap.afterConnect [as oncomplete] (net.js:1087:14)
31 verbose cwd /Users/chenyihui/study/Program/wechatTest
32 error Darwin 17.5.0
33 error argv "/usr/local/bin/node" "/usr/local/bin/npm" "install" "--save" "sequelize"
34 error node v6.9.2
35 error npm  v3.10.9
36 error code ETIMEDOUT
37 error errno ETIMEDOUT
38 error syscall connect
39 error network connect ETIMEDOUT 151.101.40.162:443
40 error network This is most likely not a problem with npm itself
40 error network and is related to network connectivity.
40 error network In most cases you are behind a proxy or have bad network settings.
40 error network
40 error network If you are behind a proxy, please make sure that the
40 error network 'proxy' config is set properly.  See: 'npm help config'
41 verbose exit [ 1, true ]
